<?xml version="1.0" encoding="UTF-8"?>
<testsuite xmlns:xsi="http://www.w3.org/2001/XMLSchema-instance" xsi:noNamespaceSchemaLocation="https://maven.apache.org/surefire/maven-surefire-plugin/xsd/surefire-test-report.xsd" name="alexey.TestCalculator" time="0.009" tests="4" errors="0" skipped="0" failures="0">
  <properties>
[...]
</properties>
  <testcase name="alexey.TestCalculator.testMultiply" classname="alexey.TestCalculator" time="0.002"/>
  <testcase name="alexey.TestCalculator.testAdd" classname="alexey.TestCalculator" time="0"/>
  <testcase name="alexey.TestCalculator.testSubtract" classname="alexey.TestCalculator" time="0"/>
  <testcase name="alexey.TestCalculator.testDivide" classname="alexey.TestCalculator" time="0.001"/>
</testsuite>